 Mon Apr 14 13:00:01 UTC 2025
Backing up specified database: nafkha
[Mon Apr 14 13:00:01 UTC 2025] All user databases:  postgres
 mydatabase
Database 'nafkha' does not exist. Backing up all databases.
Databases to backup (schema and data):  postgres
 mydatabase
Backing up schema and data for postgres
Backing up schema and data for mydatabase
Backup completed.
Mon Apr 14 13:02:01 UTC 2025
Backing up specified database: nafkha
[Mon Apr 14 13:02:01 UTC 2025] All user databases:  postgres
 mydatabase
Database 'nafkha' does not exist. Backing up all databases.
Databases to backup (schema and data):  postgres
 mydatabase
Backing up schema and data for postgres
Backing up schema and data for mydatabase
Backup completed.
Mon Apr 14 13:04:01 UTC 2025
Backing up specified database: nafkha
[Mon Apr 14 13:04:01 UTC 2025] All user databases:  postgres
 mydatabase
Database 'nafkha' does not exist. Backing up all databases.
Databases to backup (schema and data):  postgres
 mydatabase
Backing up schema and data for postgres
Backing up schema and data for mydatabase
Backup completed.
Mon Apr 14 13:06:01 UTC 2025
Backing up specified database: nafkha
[Mon Apr 14 13:06:01 UTC 2025] All user databases:  postgres
 mydatabase
Database 'nafkha' does not exist. Backing up all databases.
Databases to backup (schema and data):  postgres
 mydatabase
Backing up schema and data for postgres
Backing up schema and data for mydatabase
Backup completed.
Mon Apr 14 13:08:01 UTC 2025
Backing up specified database: nafkha
[Mon Apr 14 13:08:01 UTC 2025] All user databases:  postgres
 mydatabase
Database 'nafkha' does not exist. Backing up all databases.
Databases to backup (schema and data):  postgres
 mydatabase
Backing up schema and data for postgres
Backing up schema and data for mydatabase
Backup completed.
Mon Apr 14 13:10:01 UTC 2025
Backing up specified database: nafkha
[Mon Apr 14 13:10:01 UTC 2025] All user databases:  postgres
 mydatabase
Database 'nafkha' does not exist. Backing up all databases.
Databases to backup (schema and data):  postgres
 mydatabase
Backing up schema and data for postgres
Backing up schema and data for mydatabase
Backup completed.
